[runbook] case=tc-flash-001 session=tc-flash-001-20260227-182818
[runbook] output=/Users/mikko.makipaa/koekertaaja/output/playwright/runbook/tc-flash-001/20260227-182818
### Browser `tc-flash-001-20260227-182818` opened with pid 37133.
- tc-flash-001-20260227-182818:
  - browser-type: chrome
  - user-data-dir: <in-memory>
  - headed: false
---
### Ran Playwright code
```js
await page.goto('http://localhost:3000/play?mode=opettele');
```
### Page
- Page URL: http://localhost:3000/play?mode=opettele
- Page Title: Harjoittele | Koekertaaja
### Snapshot
- [Snapshot](.playwright-cli/page-2026-02-27T16-29-42-546Z.yml)
### Page
- Page URL: http://localhost:3000/play?mode=opettele
- Page Title: Harjoittele | Koekertaaja
### Snapshot
- [Snapshot](.playwright-cli/page-2026-02-27T16-29-43-506Z.yml)
### Ran Playwright code
```js
await (async (page) => { await page.getByRole('radio', { name: 'Opettele' }).click().catch(() => {}); })(page);
```
### Ran Playwright code
```js
await (async (page) => { const startStudy = page.getByRole('button', { name: /Opettele/i }).first(); if (await startStudy.count() === 0) throw new Error('No Opettele button found on browse cards'); await startStudy.click(); })(page);
```
### Page
- Page URL: http://localhost:3000/play/SK4N95?mode=opettele
- Page Title: Harjoittele | Koekertaaja
- Console: 0 errors, 1 warnings
### Events
- New console entries: .playwright-cli/console-2026-02-27T16-29-42-254Z.log#L1
### Ran Playwright code
```js
await (async (page) => { await page.waitForURL(/mode=opettele/); })(page);
```
### Ran Playwright code
```js
await (async (page) => { const allTopics = page.getByRole('button', { name: /Harjoittele kaikkia aiheita/i }); if (await allTopics.count() > 0) await allTopics.first().click(); })(page);
```
### Page
- Page URL: http://localhost:3000/play/SK4N95?mode=opettele
- Page Title: Harjoittele | Koekertaaja
- Console: 0 errors, 1 warnings
### Snapshot
- [Snapshot](.playwright-cli/page-2026-02-27T16-29-54-208Z.yml)
### Ran Playwright code
```js
await (async (page) => { const ok = (await page.getByRole('button', { name: /Näytä vastaus|Seuraava/i }).count()) > 0; if (!ok) throw new Error('Flashcard session UI not detected'); })(page);
```
### Page
- Page URL: http://localhost:3000/play/SK4N95?mode=opettele
- Page Title: Harjoittele | Koekertaaja
- Console: 0 errors, 1 warnings
### Result
- [Screenshot of viewport](.playwright-cli/page-2026-02-27T16-29-57-922Z.png)
### Ran Playwright code
```js
// Screenshot viewport and save it as .playwright-cli/page-2026-02-27T16-29-57-922Z.png
await page.screenshot({
path: '.playwright-cli/page-2026-02-27T16-29-57-922Z.png',
  scale: 'css',
  type: 'png'
});
```
### Result
- [Console](.playwright-cli/console-2026-02-27T16-29-58-869Z.log)
### Result
- [Network](.playwright-cli/network-2026-02-27T16-29-59-906Z.log)
[runbook] PASS tc-flash-001
Browser 'tc-flash-001-20260227-182818' closed
