[runbook] case=tc-play-001 session=tc-play-001-20260227-144720
[runbook] output=/Users/mikko.makipaa/koekertaaja/output/playwright/runbook/tc-play-001/20260227-144720
### Browser `tc-play-001-20260227-144720` opened with pid 84832.
- tc-play-001-20260227-144720:
  - browser-type: chrome
  - user-data-dir: <in-memory>
  - headed: false
---
### Ran Playwright code
```js
await page.goto('http://localhost:3000/play');
```
### Page
- Page URL: http://localhost:3000/play
- Page Title: Harjoittele | Koekertaaja
### Snapshot
- [Snapshot](.playwright-cli/page-2026-02-27T12-47-29-182Z.yml)
### Page
- Page URL: http://localhost:3000/play?mode=pelaa
- Page Title: Harjoittele | Koekertaaja
### Snapshot
- [Snapshot](.playwright-cli/page-2026-02-27T12-47-30-255Z.yml)
### Error
SyntaxError: Unexpected token ';'
### Error
SyntaxError: Unexpected token 'const'
### Error
SyntaxError: Unexpected token ';'
### Page
- Page URL: http://localhost:3000/play?mode=pelaa
- Page Title: Harjoittele | Koekertaaja
### Snapshot
- [Snapshot](.playwright-cli/page-2026-02-27T12-47-34-305Z.yml)
### Error
SyntaxError: Unexpected token 'const'
### Result
- [Screenshot of viewport](.playwright-cli/page-2026-02-27T12-47-36-445Z.png)
### Ran Playwright code
```js
// Screenshot viewport and save it as .playwright-cli/page-2026-02-27T12-47-36-445Z.png
await page.screenshot({
path: '.playwright-cli/page-2026-02-27T12-47-36-445Z.png',
  scale: 'css',
  type: 'png'
});
```
### Result
- [Console](.playwright-cli/console-2026-02-27T12-47-37-539Z.log)
### Result
- [Network](.playwright-cli/network-2026-02-27T12-47-38-503Z.log)
[runbook] PASS tc-play-001
Browser 'tc-play-001-20260227-144720' closed

