[runbook] case=tc-play-001 session=tc-play-001-20260227-144739
[runbook] output=/Users/mikko.makipaa/koekertaaja/output/playwright/runbook/tc-play-001/20260227-144739
### Browser `tc-play-001-20260227-144739` opened with pid 85083.
- tc-play-001-20260227-144739:
  - browser-type: chrome
  - user-data-dir: <in-memory>
  - headed: false
---
### Ran Playwright code
```js
await page.goto('http://localhost:3000/play');
```
### Page
- Page URL: http://localhost:3000/play
- Page Title: Harjoittele | Koekertaaja
### Snapshot
- [Snapshot](.playwright-cli/page-2026-02-27T12-47-42-131Z.yml)
### Page
- Page URL: http://localhost:3000/play?mode=pelaa
- Page Title: Harjoittele | Koekertaaja
### Snapshot
- [Snapshot](.playwright-cli/page-2026-02-27T12-47-43-033Z.yml)
### Error
SyntaxError: Unexpected token ';'
### Error
SyntaxError: Unexpected token 'const'
### Error
SyntaxError: Unexpected token ';'
### Page
- Page URL: http://localhost:3000/play?mode=pelaa
- Page Title: Harjoittele | Koekertaaja
### Snapshot
- [Snapshot](.playwright-cli/page-2026-02-27T12-47-46-810Z.yml)
### Error
SyntaxError: Unexpected token 'const'
### Result
- [Screenshot of viewport](.playwright-cli/page-2026-02-27T12-47-48-680Z.png)
### Ran Playwright code
```js
// Screenshot viewport and save it as .playwright-cli/page-2026-02-27T12-47-48-680Z.png
await page.screenshot({
path: '.playwright-cli/page-2026-02-27T12-47-48-680Z.png',
  scale: 'css',
  type: 'png'
});
```
### Result
- [Console](.playwright-cli/console-2026-02-27T12-47-49-816Z.log)
### Result
- [Network](.playwright-cli/network-2026-02-27T12-47-50-797Z.log)
[runbook] PASS tc-play-001
Browser 'tc-play-001-20260227-144739' closed

