[runbook] case=tc-flash-001 session=tc-flash-001-20260227-144739
[runbook] output=/Users/mikko.makipaa/koekertaaja/output/playwright/runbook/tc-flash-001/20260227-144739
### Browser `tc-flash-001-20260227-144739` opened with pid 85641.
- tc-flash-001-20260227-144739:
  - browser-type: chrome
  - user-data-dir: <in-memory>
  - headed: false
---
### Ran Playwright code
```js
await page.goto('http://localhost:3000/play?mode=opettele');
```
### Page
- Page URL: http://localhost:3000/play?mode=opettele
- Page Title: Harjoittele | Koekertaaja
### Snapshot
- [Snapshot](.playwright-cli/page-2026-02-27T12-48-10-877Z.yml)
### Page
- Page URL: http://localhost:3000/play?mode=opettele
- Page Title: Harjoittele | Koekertaaja
### Snapshot
- [Snapshot](.playwright-cli/page-2026-02-27T12-48-11-805Z.yml)
### Error
SyntaxError: Unexpected token ';'
### Error
SyntaxError: Unexpected token 'const'
### Error
SyntaxError: Unexpected token ';'
### Error
SyntaxError: Unexpected token 'const'
### Page
- Page URL: http://localhost:3000/play?mode=opettele
- Page Title: Harjoittele | Koekertaaja
### Snapshot
- [Snapshot](.playwright-cli/page-2026-02-27T12-48-16-425Z.yml)
### Error
SyntaxError: Unexpected token 'const'
### Result
- [Screenshot of viewport](.playwright-cli/page-2026-02-27T12-48-18-610Z.png)
### Ran Playwright code
```js
// Screenshot viewport and save it as .playwright-cli/page-2026-02-27T12-48-18-610Z.png
await page.screenshot({
path: '.playwright-cli/page-2026-02-27T12-48-18-610Z.png',
  scale: 'css',
  type: 'png'
});
```
### Result
- [Console](.playwright-cli/console-2026-02-27T12-48-19-584Z.log)
### Result
- [Network](.playwright-cli/network-2026-02-27T12-48-20-625Z.log)
[runbook] PASS tc-flash-001
Browser 'tc-flash-001-20260227-144739' closed

