[runbook] case=tc-play-002 session=tc-play-002-20260227-144739
[runbook] output=/Users/mikko.makipaa/koekertaaja/output/playwright/runbook/tc-play-002/20260227-144739
### Browser `tc-play-002-20260227-144739` opened with pid 85329.
- tc-play-002-20260227-144739:
  - browser-type: chrome
  - user-data-dir: <in-memory>
  - headed: false
---
### Ran Playwright code
```js
await page.goto('http://localhost:3000/play');
```
### Page
- Page URL: http://localhost:3000/play
- Page Title: Harjoittele | Koekertaaja
### Snapshot
- [Snapshot](.playwright-cli/page-2026-02-27T12-47-54-505Z.yml)
### Error
SyntaxError: Unexpected token 'const'
### Error
SyntaxError: Unexpected token ';'
### Page
- Page URL: http://localhost:3000/play?mode=pelaa
- Page Title: Harjoittele | Koekertaaja
### Snapshot
- [Snapshot](.playwright-cli/page-2026-02-27T12-47-57-526Z.yml)
### Error
SyntaxError: Unexpected token 'if'
### Error
SyntaxError: Unexpected token 'const'
### Error
SyntaxError: Unexpected token ';'
### Page
- Page URL: http://localhost:3000/play?mode=pelaa
- Page Title: Harjoittele | Koekertaaja
### Snapshot
- [Snapshot](.playwright-cli/page-2026-02-27T12-48-01-659Z.yml)
### Error
SyntaxError: Unexpected token ';'
### Page
- Page URL: http://localhost:3000/play?mode=pelaa
- Page Title: Harjoittele | Koekertaaja
### Snapshot
- [Snapshot](.playwright-cli/page-2026-02-27T12-48-03-775Z.yml)
### Result
- [Screenshot of viewport](.playwright-cli/page-2026-02-27T12-48-04-867Z.png)
### Ran Playwright code
```js
// Screenshot viewport and save it as .playwright-cli/page-2026-02-27T12-48-04-867Z.png
await page.screenshot({
path: '.playwright-cli/page-2026-02-27T12-48-04-867Z.png',
  scale: 'css',
  type: 'png'
});
```
### Result
- [Console](.playwright-cli/console-2026-02-27T12-48-05-969Z.log)
### Result
- [Network](.playwright-cli/network-2026-02-27T12-48-07-040Z.log)
[runbook] PASS tc-play-002
Browser 'tc-play-002-20260227-144739' closed

