[runbook] case=tc-flash-002 session=tc-flash-002-20260227-144739
[runbook] output=/Users/mikko.makipaa/koekertaaja/output/playwright/runbook/tc-flash-002/20260227-144739
### Browser `tc-flash-002-20260227-144739` opened with pid 85925.
- tc-flash-002-20260227-144739:
  - browser-type: chrome
  - user-data-dir: <in-memory>
  - headed: false
---
### Ran Playwright code
```js
await page.goto('http://localhost:3000/play?mode=opettele');
```
### Page
- Page URL: http://localhost:3000/play?mode=opettele
- Page Title: Harjoittele | Koekertaaja
### Snapshot
- [Snapshot](.playwright-cli/page-2026-02-27T12-48-24-427Z.yml)
### Error
SyntaxError: Unexpected token 'const'
### Error
SyntaxError: Unexpected token ';'
### Error
SyntaxError: Unexpected token 'const'
### Page
- Page URL: http://localhost:3000/play?mode=opettele
- Page Title: Harjoittele | Koekertaaja
### Snapshot
- [Snapshot](.playwright-cli/page-2026-02-27T12-48-28-199Z.yml)
### Error
SyntaxError: Unexpected token 'const'
### Error
SyntaxError: Unexpected token ';'
### Page
- Page URL: http://localhost:3000/play?mode=opettele
- Page Title: Harjoittele | Koekertaaja
### Snapshot
- [Snapshot](.playwright-cli/page-2026-02-27T12-48-30-992Z.yml)
### Error
SyntaxError: Unexpected token ';'
### Page
- Page URL: http://localhost:3000/play?mode=opettele
- Page Title: Harjoittele | Koekertaaja
### Snapshot
- [Snapshot](.playwright-cli/page-2026-02-27T12-48-32-793Z.yml)
### Result
- [Screenshot of viewport](.playwright-cli/page-2026-02-27T12-48-33-869Z.png)
### Ran Playwright code
```js
// Screenshot viewport and save it as .playwright-cli/page-2026-02-27T12-48-33-869Z.png
await page.screenshot({
path: '.playwright-cli/page-2026-02-27T12-48-33-869Z.png',
  scale: 'css',
  type: 'png'
});
```
### Result
- [Console](.playwright-cli/console-2026-02-27T12-48-34-719Z.log)
### Result
- [Network](.playwright-cli/network-2026-02-27T12-48-35-606Z.log)
[runbook] PASS tc-flash-002
Browser 'tc-flash-002-20260227-144739' closed

