[runbook] case=tc-ach-002 session=tc-ach-002-20260227-144739
[runbook] output=/Users/mikko.makipaa/koekertaaja/output/playwright/runbook/tc-ach-002/20260227-144739
### Browser `tc-ach-002-20260227-144739` opened with pid 91297.
- tc-ach-002-20260227-144739:
  - browser-type: chrome
  - user-data-dir: <in-memory>
  - headed: false
---
### Ran Playwright code
```js
await page.goto('http://localhost:3000/play/achievements');
```
### Page
- Page URL: http://localhost:3000/play/achievements
- Page Title: Harjoittele | Koekertaaja
### Snapshot
- [Snapshot](.playwright-cli/page-2026-02-27T12-48-54-231Z.yml)
### Page
- Page URL: http://localhost:3000/play/achievements
- Page Title: Harjoittele | Koekertaaja
### Snapshot
- [Snapshot](.playwright-cli/page-2026-02-27T12-48-55-217Z.yml)
### Error
SyntaxError: Unexpected token 'const'
### Result
- [Screenshot of viewport](.playwright-cli/page-2026-02-27T12-48-57-192Z.png)
### Ran Playwright code
```js
// Screenshot viewport and save it as .playwright-cli/page-2026-02-27T12-48-57-192Z.png
await page.screenshot({
path: '.playwright-cli/page-2026-02-27T12-48-57-192Z.png',
  scale: 'css',
  type: 'png'
});
```
### Result
- [Console](.playwright-cli/console-2026-02-27T12-48-58-185Z.log)
### Result
- [Network](.playwright-cli/network-2026-02-27T12-48-59-089Z.log)
[runbook] PASS tc-ach-002
Browser 'tc-ach-002-20260227-144739' closed

