[runbook] case=tc-play-002 session=tc-play-002-20260227-145826
[runbook] output=/Users/mikko.makipaa/koekertaaja/output/playwright/runbook/tc-play-002/20260227-145826
### Browser `tc-play-002-20260227-145826` opened with pid 10783.
- tc-play-002-20260227-145826:
  - browser-type: chrome
  - user-data-dir: <in-memory>
  - headed: false
---
### Ran Playwright code
```js
await page.goto('http://localhost:3000/play');
```
### Page
- Page URL: http://localhost:3000/play
- Page Title: Harjoittele | Koekertaaja
### Snapshot
- [Snapshot](.playwright-cli/page-2026-02-27T12-58-30-267Z.yml)
### Ran Playwright code
```js
await (async (page) => { const btn = page.getByRole('button', { name: /Aloita|Jatka/i }).first(); if (await btn.count() === 0) throw new Error('No Aloita/Jatka button found'); await btn.click(); })(page);
```
### Page
- Page URL: http://localhost:3000/play/27BQCY?mode=pelaa
- Page Title: Harjoittele | Koekertaaja
- Console: 0 errors, 1 warnings
### Events
- New console entries: .playwright-cli/console-2026-02-27T12-58-29-929Z.log#L1
### Ran Playwright code
```js
await (async (page) => { await page.waitForURL(/\/play\/[^\/?]+/); })(page);
```
### Page
- Page URL: http://localhost:3000/play/27BQCY?mode=pelaa
- Page Title: Harjoittele | Koekertaaja
- Console: 0 errors, 1 warnings
### Snapshot
- [Snapshot](.playwright-cli/page-2026-02-27T12-58-41-819Z.yml)
### Ran Playwright code
```js
await (async (page) => { let submitted = false; for (let i = 0; i < 3 && !submitted; i += 1) { const nextBtn = page.getByRole('button', { name: /Seuraava kysymys/i }); if (await nextBtn.count() > 0) { await nextBtn.first().click(); await page.waitForTimeout(200); } const checkBtn = page.getByRole('button', { name: /Tarkista vastaus/i }).first(); if (await checkBtn.count() === 0) { continue; } if (await page.locator('input[type=radio]').count() > 0) { await page.locator('input[type=radio]').first().check({ force: true }); } else if (await page.locator('input[type=checkbox]').count() > 0) { await page.locator('input[type=checkbox]').first().check({ force: true }); } else if (await page.locator('textarea').count() > 0) { await page.locator('textarea').first().fill('testivastaus'); } else if (await page.locator('input[type=text]').count() > 0) { await page.locator('input[type=text]').first().fill('testivastaus'); } else if (await page.getByRole('button', { name: /totta|tarua/i }).count() > 0) { await page.getByRole('button', { name: /totta|tarua/i }).first().click(); } if (await checkBtn.isEnabled()) { await checkBtn.click(); submitted = true; break; } const skipBtn = page.getByRole('button', { name: /Ohita kysymys/i }).first(); if (await skipBtn.count() > 0) { await skipBtn.click(); await page.getByRole('button', { name: /Seuraava kysymys/i }).first().click(); } } if (!submitted) throw new Error('Could not reach a submit-ready quiz state in 3 attempts'); })(page);
```
### Ran Playwright code
```js
await (async (page) => { await page.getByRole('button', { name: /Seuraava kysymys/i }).waitFor({ timeout: 5000 }); })(page);
```
### Page
- Page URL: http://localhost:3000/play/27BQCY?mode=pelaa
- Page Title: Harjoittele | Koekertaaja
- Console: 0 errors, 1 warnings
### Snapshot
- [Snapshot](.playwright-cli/page-2026-02-27T12-58-47-119Z.yml)
### Ran Playwright code
```js
await (async (page) => { await page.getByRole('button', { name: /Seuraava kysymys/i }).click(); })(page);
```
### Page
- Page URL: http://localhost:3000/play/27BQCY?mode=pelaa
- Page Title: Harjoittele | Koekertaaja
- Console: 0 errors, 1 warnings
### Snapshot
- [Snapshot](.playwright-cli/page-2026-02-27T12-58-50-072Z.yml)
### Result
- [Screenshot of viewport](.playwright-cli/page-2026-02-27T12-58-51-192Z.png)
### Ran Playwright code
```js
// Screenshot viewport and save it as .playwright-cli/page-2026-02-27T12-58-51-192Z.png
await page.screenshot({
path: '.playwright-cli/page-2026-02-27T12-58-51-192Z.png',
  scale: 'css',
  type: 'png'
});
```
### Result
- [Console](.playwright-cli/console-2026-02-27T12-58-52-281Z.log)
### Result
- [Network](.playwright-cli/network-2026-02-27T12-58-53-296Z.log)
[runbook] PASS tc-play-002
Browser 'tc-play-002-20260227-145826' closed
